This is pdfTeX, Version 3.14159265-2.6-1.40.20 (MiKTeX 2.9.7250 64-bit) (preloaded format=pdflatex 2020.1.8)  14 FEB 2020 17:10
entering extended mode
**./thesis.tex
(thesis.tex
LaTeX2e <2019-10-01> patch level 3
("C:\Program Files\MiKTeX 2.9\tex/latex/base\report.cls"
Document Class: report 2019/10/25 v1.4k Standard LaTeX document class
("C:\Program Files\MiKTeX 2.9\tex/latex/base\size12.clo"
File: size12.clo 2019/10/25 v1.4k Standard LaTeX file (size option)
)
\c@part=\count80
\c@chapter=\count81
\c@section=\count82
\c@subsection=\count83
\c@subsubsection=\count84
\c@paragraph=\count85
\c@subparagraph=\count86
\c@figure=\count87
\c@table=\count88
\abovecaptionskip=\skip41
\belowcaptionskip=\skip42
\bibindent=\dimen102
) (uithesis.sty
("C:\Program Files\MiKTeX 2.9\tex/latex/tocbibind\tocbibind.sty"
Package: tocbibind 2010/10/13 v1.5k extra ToC listings
Package tocbibind Info: The document has chapter divisions on input line 50.


Package tocbibind Note: Using chapter style headings, unless overridden.

) ("C:\Program Files\MiKTeX 2.9\tex/latex/hyperref\hyperref.sty"
Package: hyperref 2019/11/10 v7.00c Hypertext links for LaTeX

("C:\Program Files\MiKTeX 2.9\tex/generic/ltxcmds\ltxcmds.sty"
Package: ltxcmds 2019/12/15 v1.24 LaTeX kernel commands for general use (HO)
)
("C:\Program Files\MiKTeX 2.9\tex/generic/iftex\iftex.sty"
Package: iftex 2019/11/07 v1.0c TeX engine tests
)
("C:\Program Files\MiKTeX 2.9\tex/latex/pdftexcmds\pdftexcmds.sty"
Package: pdftexcmds 2019/11/24 v0.31 Utility functions of pdfTeX for LuaTeX (HO
)

("C:\Program Files\MiKTeX 2.9\tex/generic/infwarerr\infwarerr.sty"
Package: infwarerr 2019/12/03 v1.5 Providing info/warning/error messages (HO)
)
Package pdftexcmds Info: \pdf@primitive is available.
Package pdftexcmds Info: \pdf@ifprimitive is available.
Package pdftexcmds Info: \pdfdraftmode found.
)
("C:\Program Files\MiKTeX 2.9\tex/latex/graphics\keyval.sty"
Package: keyval 2014/10/28 v1.15 key=value parser (DPC)
\KV@toks@=\toks14
)
("C:\Program Files\MiKTeX 2.9\tex/generic/kvsetkeys\kvsetkeys.sty"
Package: kvsetkeys 2019/12/15 v1.18 Key value parser (HO)
)
("C:\Program Files\MiKTeX 2.9\tex/generic/kvdefinekeys\kvdefinekeys.sty"
Package: kvdefinekeys 2019-12-19 v1.6 Define keys (HO)
)
("C:\Program Files\MiKTeX 2.9\tex/generic/pdfescape\pdfescape.sty"
Package: pdfescape 2019/12/09 v1.15 Implements pdfTeX's escape features (HO)
)
("C:\Program Files\MiKTeX 2.9\tex/latex/hycolor\hycolor.sty"
Package: hycolor 2019/12/15 v1.9 Color options for hyperref/bookmark (HO)

("C:\Program Files\MiKTeX 2.9\tex/latex/hycolor\xcolor-patch.sty"
Package: xcolor-patch 2019/12/15 xcolor patch

("C:\Program Files\MiKTeX 2.9\tex/latex/oberdiek\hopatch.sty"
Package: hopatch 2016/05/16 v1.3 Wrapper for package hooks (HO)
)))
("C:\Program Files\MiKTeX 2.9\tex/latex/letltxmacro\letltxmacro.sty"
Package: letltxmacro 2019/12/03 v1.6 Let assignment for LaTeX macros (HO)
)
("C:\Program Files\MiKTeX 2.9\tex/latex/auxhook\auxhook.sty"
Package: auxhook 2019-12-17 v1.6 Hooks for auxiliary files (HO)
)
("C:\Program Files\MiKTeX 2.9\tex/latex/kvoptions\kvoptions.sty"
Package: kvoptions 2019/11/29 v3.13 Key value format for package options (HO)
)
\@linkdim=\dimen103
\Hy@linkcounter=\count89
\Hy@pagecounter=\count90

("C:\Program Files\MiKTeX 2.9\tex/latex/hyperref\pd1enc.def"
File: pd1enc.def 2019/11/10 v7.00c Hyperref: PDFDocEncoding definition (HO)
Now handling font encoding PD1 ...
... no UTF-8 mapping file for font encoding PD1
)
("C:\Program Files\MiKTeX 2.9\tex/generic/intcalc\intcalc.sty"
Package: intcalc 2019/12/15 v1.3 Expandable calculations with integers (HO)
)
("C:\Program Files\MiKTeX 2.9\tex/generic/etexcmds\etexcmds.sty"
Package: etexcmds 2019/12/15 v1.7 Avoid name clashes with e-TeX commands (HO)
)
\Hy@SavedSpaceFactor=\count91

("C:\Program Files\MiKTeX 2.9\tex/latex/00miktex\hyperref.cfg"
File: hyperref.cfg 2002/06/06 v1.2 hyperref configuration of TeXLive
)
Package hyperref Info: Option `final' set `true' on input line 4409.
Package hyperref Info: Hyper figures OFF on input line 4535.
Package hyperref Info: Link nesting OFF on input line 4540.
Package hyperref Info: Hyper index ON on input line 4543.
Package hyperref Info: Plain pages OFF on input line 4550.
Package hyperref Info: Backreferencing OFF on input line 4555.
Package hyperref Info: Implicit mode ON; LaTeX internals redefined.
Package hyperref Info: Bookmarks ON on input line 4788.
\c@Hy@tempcnt=\count92

("C:\Program Files\MiKTeX 2.9\tex/latex/url\url.sty"
\Urlmuskip=\muskip10
Package: url 2013/09/16  ver 3.4  Verb mode for urls, etc.
)
LaTeX Info: Redefining \url on input line 5147.
\XeTeXLinkMargin=\dimen104

("C:\Program Files\MiKTeX 2.9\tex/generic/bitset\bitset.sty"
Package: bitset 2019/12/09 v1.3 Handle bit-vector datatype (HO)

("C:\Program Files\MiKTeX 2.9\tex/generic/bigintcalc\bigintcalc.sty"
Package: bigintcalc 2019/12/15 v1.5 Expandable calculations on big integers (HO
)
))
\Fld@menulength=\count93
\Field@Width=\dimen105
\Fld@charsize=\dimen106
Package hyperref Info: Hyper figures OFF on input line 6418.
Package hyperref Info: Link nesting OFF on input line 6423.
Package hyperref Info: Hyper index ON on input line 6426.
Package hyperref Info: backreferencing OFF on input line 6433.
Package hyperref Info: Link coloring OFF on input line 6438.
Package hyperref Info: Link coloring with OCG OFF on input line 6443.
Package hyperref Info: PDF/A mode OFF on input line 6448.
LaTeX Info: Redefining \ref on input line 6488.
LaTeX Info: Redefining \pageref on input line 6492.

("C:\Program Files\MiKTeX 2.9\tex/generic/atbegshi\atbegshi.sty"
Package: atbegshi 2019/12/05 v1.19 At begin shipout hook (HO)
)
\Hy@abspage=\count94
\c@Item=\count95
\c@Hfootnote=\count96
)
Package hyperref Info: Driver (autodetected): hpdftex.

("C:\Program Files\MiKTeX 2.9\tex/latex/hyperref\hpdftex.def"
File: hpdftex.def 2019/11/10 v7.00c Hyperref driver for pdfTeX

("C:\Program Files\MiKTeX 2.9\tex/latex/atveryend\atveryend.sty"
Package: atveryend 2019-12-11 v1.11 Hooks at the very end of document (HO)
Package atveryend Info: \enddocument detected (standard20110627).
)
\Fld@listcount=\count97
\c@bookmark@seq@number=\count98

("C:\Program Files\MiKTeX 2.9\tex/latex/rerunfilecheck\rerunfilecheck.sty"
Package: rerunfilecheck 2019/12/05 v1.9 Rerun checks for auxiliary files (HO)

("C:\Program Files\MiKTeX 2.9\tex/generic/uniquecounter\uniquecounter.sty"
Package: uniquecounter 2019/12/15 v1.4 Provide unlimited unique counter (HO)
)
Package uniquecounter Info: New unique counter `rerunfilecheck' on input line 2
86.
)
\Hy@SectionHShift=\skip43
)

Package hyperref Warning: Option `a4paper' is no longer used.

Package hyperref Info: Option `colorlinks' set `false' on input line 57.
Package hyperref Info: Option `bookmarksopen' set `false' on input line 57.
Package hyperref Info: Option `bookmarksnumbered' set `true' on input line 57.
("C:\Program Files\MiKTeX 2.9\tex/latex/multirow\multirow.sty"
Package: multirow 2019/05/31 v2.5 Span multiple rows of a table
\multirow@colwidth=\skip44
\multirow@cntb=\count99
\multirow@dima=\skip45
\bigstrutjot=\dimen107
)
("C:\Program Files\MiKTeX 2.9\tex/latex/graphics\graphicx.sty"
Package: graphicx 2017/06/01 v1.1a Enhanced LaTeX Graphics (DPC,SPQR)

("C:\Program Files\MiKTeX 2.9\tex/latex/graphics\graphics.sty"
Package: graphics 2019/11/01 v1.3d Standard LaTeX Graphics (DPC,SPQR)

("C:\Program Files\MiKTeX 2.9\tex/latex/graphics\trig.sty"
Package: trig 2016/01/03 v1.10 sin cos tan (DPC)
)
("C:\Program Files\MiKTeX 2.9\tex/latex/graphics-cfg\graphics.cfg"
File: graphics.cfg 2016/06/04 v1.11 sample graphics configuration
)
Package graphics Info: Driver file: pdftex.def on input line 105.

("C:\Program Files\MiKTeX 2.9\tex/latex/graphics-def\pdftex.def"
File: pdftex.def 2018/01/08 v1.0l Graphics/color driver for pdftex
))
\Gin@req@height=\dimen108
\Gin@req@width=\dimen109
)
("C:\Program Files\MiKTeX 2.9\tex/latex/setspace\setspace.sty"
Package: setspace 2011/12/19 v6.7a set line spacing
)
("C:\Program Files\MiKTeX 2.9\tex/latex/geometry\geometry.sty"
Package: geometry 2020/01/02 v5.9 Page Geometry

("C:\Program Files\MiKTeX 2.9\tex/generic/iftex\ifvtex.sty"
Package: ifvtex 2019/10/25 v1.7 ifvtex legacy package. Use iftex instead.
)
\Gm@cnth=\count100
\Gm@cntv=\count101
\c@Gm@tempcnt=\count102
\Gm@bindingoffset=\dimen110
\Gm@wd@mp=\dimen111
\Gm@odd@mp=\dimen112
\Gm@even@mp=\dimen113
\Gm@layoutwidth=\dimen114
\Gm@layoutheight=\dimen115
\Gm@layouthoffset=\dimen116
\Gm@layoutvoffset=\dimen117
\Gm@dimlist=\toks15

("C:\Program Files\MiKTeX 2.9\tex/latex/geometry\geometry.cfg"))
("C:\Program Files\MiKTeX 2.9\tex/latex/caption\caption.sty"
Package: caption 2020/01/03 v3.4h Customizing captions (AR)

("C:\Program Files\MiKTeX 2.9\tex/latex/caption\caption3.sty"
Package: caption3 2020/01/03 v1.8h caption3 kernel (AR)
Package caption3 Info: TeX engine: e-TeX on input line 61.
\captionmargin=\dimen118
\captionmargin@=\dimen119
\captionwidth=\dimen120
\caption@tempdima=\dimen121
\caption@indent=\dimen122
\caption@parindent=\dimen123
\caption@hangindent=\dimen124
Package caption Info: Standard document class detected.
)
\c@caption@flags=\count103
\c@continuedfloat=\count104
Package caption Info: hyperref package is loaded.
)
("C:\Program Files\MiKTeX 2.9\tex/latex/amsmath\amsmath.sty"
Package: amsmath 2019/11/16 v2.17d AMS math features
\@mathmargin=\skip46

For additional information on amsmath, use the `?' option.
("C:\Program Files\MiKTeX 2.9\tex/latex/amsmath\amstext.sty"
Package: amstext 2000/06/29 v2.01 AMS text

("C:\Program Files\MiKTeX 2.9\tex/latex/amsmath\amsgen.sty"
File: amsgen.sty 1999/11/30 v2.0 generic functions
\@emptytoks=\toks16
\ex@=\dimen125
))
("C:\Program Files\MiKTeX 2.9\tex/latex/amsmath\amsbsy.sty"
Package: amsbsy 1999/11/29 v1.2d Bold Symbols
\pmbraise@=\dimen126
)
("C:\Program Files\MiKTeX 2.9\tex/latex/amsmath\amsopn.sty"
Package: amsopn 2016/03/08 v2.02 operator names
)
\inf@bad=\count105
LaTeX Info: Redefining \frac on input line 227.
\uproot@=\count106
\leftroot@=\count107
LaTeX Info: Redefining \overline on input line 389.
\classnum@=\count108
\DOTSCASE@=\count109
LaTeX Info: Redefining \ldots on input line 486.
LaTeX Info: Redefining \dots on input line 489.
LaTeX Info: Redefining \cdots on input line 610.
\Mathstrutbox@=\box27
\strutbox@=\box28
\big@size=\dimen127
LaTeX Font Info:    Redeclaring font encoding OML on input line 733.
LaTeX Font Info:    Redeclaring font encoding OMS on input line 734.
\macc@depth=\count110
\c@MaxMatrixCols=\count111
\dotsspace@=\muskip11
\c@parentequation=\count112
\dspbrk@lvl=\count113
\tag@help=\toks17
\row@=\count114
\column@=\count115
\maxfields@=\count116
\andhelp@=\toks18
\eqnshift@=\dimen128
\alignsep@=\dimen129
\tagshift@=\dimen130
\tagwidth@=\dimen131
\totwidth@=\dimen132
\lineht@=\dimen133
\@envbody=\toks19
\multlinegap=\skip47
\multlinetaggap=\skip48
\mathdisplay@stack=\toks20
LaTeX Info: Redefining \[ on input line 2858.
LaTeX Info: Redefining \] on input line 2859.
)
("C:\Program Files\MiKTeX 2.9\tex/latex/pslatex\pslatex.sty"
Package: pslatex 1996/07/24 v1.2 pslatex emulation (DPC)
LaTeX Font Info:    Redeclaring symbol font `operators' on input line 65.
LaTeX Font Info:    Overwriting symbol font `operators' in version `normal'
(Font)                  OT1/cmr/m/n --> OT1/ptmcm/m/n on input line 65.
LaTeX Font Info:    Overwriting symbol font `operators' in version `bold'
(Font)                  OT1/cmr/bx/n --> OT1/ptmcm/m/n on input line 65.
LaTeX Font Info:    Redeclaring symbol font `letters' on input line 66.
LaTeX Font Info:    Overwriting symbol font `letters' in version `normal'
(Font)                  OML/cmm/m/it --> OML/ptmcm/m/it on input line 66.
LaTeX Font Info:    Overwriting symbol font `letters' in version `bold'
(Font)                  OML/cmm/b/it --> OML/ptmcm/m/it on input line 66.
LaTeX Font Info:    Redeclaring symbol font `symbols' on input line 67.
LaTeX Font Info:    Overwriting symbol font `symbols' in version `normal'
(Font)                  OMS/cmsy/m/n --> OMS/pzccm/m/n on input line 67.
LaTeX Font Info:    Overwriting symbol font `symbols' in version `bold'
(Font)                  OMS/cmsy/b/n --> OMS/pzccm/m/n on input line 67.
LaTeX Font Info:    Redeclaring symbol font `largesymbols' on input line 68.
LaTeX Font Info:    Overwriting symbol font `largesymbols' in version `normal'
(Font)                  OMX/cmex/m/n --> OMX/psycm/m/n on input line 68.
LaTeX Font Info:    Overwriting symbol font `largesymbols' in version `bold'
(Font)                  OMX/cmex/m/n --> OMX/psycm/m/n on input line 68.
\symbold=\mathgroup4
\symitalic=\mathgroup5
LaTeX Font Info:    Redeclaring math alphabet \mathbf on input line 74.
LaTeX Font Info:    Overwriting math alphabet `\mathbf' in version `normal'
(Font)                  OT1/cmr/bx/n --> OT1/ptm/bx/n on input line 74.
LaTeX Font Info:    Overwriting math alphabet `\mathbf' in version `bold'
(Font)                  OT1/cmr/bx/n --> OT1/ptm/bx/n on input line 74.
LaTeX Font Info:    Redeclaring math alphabet \mathit on input line 75.
LaTeX Font Info:    Overwriting math alphabet `\mathit' in version `normal'
(Font)                  OT1/cmr/m/it --> OT1/ptm/m/it on input line 75.
LaTeX Font Info:    Overwriting math alphabet `\mathit' in version `bold'
(Font)                  OT1/cmr/bx/it --> OT1/ptm/m/it on input line 75.
)
("C:\Program Files\MiKTeX 2.9\tex/latex/fancyhdr\fancyhdr.sty"
Package: fancyhdr 2019/01/31 v3.10 Extensive control of page headers and footer
s
\f@nch@headwidth=\skip49
\f@nch@O@elh=\skip50
\f@nch@O@erh=\skip51
\f@nch@O@olh=\skip52
\f@nch@O@orh=\skip53
\f@nch@O@elf=\skip54
\f@nch@O@erf=\skip55
\f@nch@O@olf=\skip56
\f@nch@O@orf=\skip57
)
("C:\Program Files\MiKTeX 2.9\tex/latex/pdfpages\pdfpages.sty"
Package: pdfpages 2019/12/17 v0.5p Insert pages of external PDF documents (AM)

("C:\Program Files\MiKTeX 2.9\tex/latex/base\ifthen.sty"
Package: ifthen 2014/09/29 v1.1c Standard LaTeX ifthen package (DPC)
)
("C:\Program Files\MiKTeX 2.9\tex/latex/tools\calc.sty"
Package: calc 2017/05/25 v4.3 Infix arithmetic (KKT,FJ)
\calc@Acount=\count117
\calc@Bcount=\count118
\calc@Adimen=\dimen134
\calc@Bdimen=\dimen135
\calc@Askip=\skip58
\calc@Bskip=\skip59
LaTeX Info: Redefining \setlength on input line 80.
LaTeX Info: Redefining \addtolength on input line 81.
\calc@Ccount=\count119
\calc@Cskip=\skip60
)
("C:\Program Files\MiKTeX 2.9\tex/latex/eso-pic\eso-pic.sty"
Package: eso-pic 2018/04/12 v2.0h eso-pic (RN)

("C:\Program Files\MiKTeX 2.9\tex/latex/xcolor\xcolor.sty"
Package: xcolor 2016/05/11 v2.12 LaTeX color extensions (UK)

("C:\Program Files\MiKTeX 2.9\tex/latex/graphics-cfg\color.cfg"
File: color.cfg 2016/01/02 v1.6 sample color configuration
)
Package xcolor Info: Driver file: pdftex.def on input line 225.
Package xcolor Info: Model `cmy' substituted by `cmy0' on input line 1348.
Package xcolor Info: Model `hsb' substituted by `rgb' on input line 1352.
Package xcolor Info: Model `RGB' extended on input line 1364.
Package xcolor Info: Model `HTML' substituted by `rgb' on input line 1366.
Package xcolor Info: Model `Hsb' substituted by `hsb' on input line 1367.
Package xcolor Info: Model `tHsb' substituted by `hsb' on input line 1368.
Package xcolor Info: Model `HSB' substituted by `hsb' on input line 1369.
Package xcolor Info: Model `Gray' substituted by `gray' on input line 1370.
Package xcolor Info: Model `wave' substituted by `hsb' on input line 1371.
))
\AM@pagewidth=\dimen136
\AM@pageheight=\dimen137

("C:\Program Files\MiKTeX 2.9\tex/latex/pdfpages\pppdftex.def"
File: pppdftex.def 2019/12/17 v0.5p Pdfpages driver for pdfTeX (AM)
)
\AM@pagebox=\box29
\AM@global@opts=\toks21
\AM@toc@title=\toks22
\c@AM@survey=\count120
\AM@templatesizebox=\box30
) (fncychap.sty
Package: fncychap 2007/07/30 v1.34 LaTeX package (Revised chapters)
\RW=\skip61
\mylen=\skip62
\myhi=\skip63
\px=\skip64
\py=\skip65
\pyy=\skip66
\pxx=\skip67
) ("C:\Program Files\MiKTeX 2.9\tex/latex/colortbl\colortbl.sty"
Package: colortbl 2018/12/12 v1.0d Color table columns (DPC)

("C:\Program Files\MiKTeX 2.9\tex/latex/tools\array.sty"
Package: array 2019/08/31 v2.4l Tabular extension package (FMi)
\col@sep=\dimen138
\ar@mcellbox=\box31
\extrarowheight=\dimen139
\NC@list=\toks23
\extratabsurround=\skip68
\backup@length=\skip69
\ar@cellbox=\box32
)
\everycr=\toks24
\minrowclearance=\skip70
)
("C:\Program Files\MiKTeX 2.9\tex/latex/float\float.sty"
Package: float 2001/11/08 v1.3d Float enhancements (AL)
\c@float@type=\count121
\float@exts=\toks25
\float@box=\box33
\@float@everytoks=\toks26
\@floatcapt=\box34
)) (laporan_setting.tex)
\@input{hype.indonesia.aux}
\openout2 = `hype.indonesia.aux'.

(hype.indonesia.tex) (istilah.tex) (thesis.aux (sampul.aux) (judul_dalam.aux)
(pengesahan.aux) (orisinal.aux) (pengesahan_sidang.aux) (pengantar.aux)
(persetujuan_publikasi.aux) (abstrak.aux) (abstract.aux) (bab1.aux) (bab2.aux)
(bab3.aux) (bab4.aux) (bab5.aux) (pustaka.aux) (markLampiran.aux) (lampiran.aux
))
\openout1 = `thesis.aux'.

LaTeX Font Info:    Checking defaults for OML/cmm/m/it on input line 30.
LaTeX Font Info:    ... okay on input line 30.
LaTeX Font Info:    Checking defaults for T1/cmr/m/n on input line 30.
LaTeX Font Info:    ... okay on input line 30.
LaTeX Font Info:    Checking defaults for OT1/cmr/m/n on input line 30.
LaTeX Font Info:    ... okay on input line 30.
LaTeX Font Info:    Checking defaults for OMS/pzccm/m/n on input line 30.
LaTeX Font Info:    Trying to load font information for OMS+pzccm on input line
 30.
 ("C:\Program Files\MiKTeX 2.9\tex/latex/psnfss\omspzccm.fd"
File: omspzccm.fd 2000/01/03 Fontinst v1.801 font definitions for OMS/pzccm.
)
LaTeX Font Info:    ... okay on input line 30.
LaTeX Font Info:    Checking defaults for OMX/cmex/m/n on input line 30.
LaTeX Font Info:    ... okay on input line 30.
LaTeX Font Info:    Checking defaults for U/cmr/m/n on input line 30.
LaTeX Font Info:    ... okay on input line 30.
LaTeX Font Info:    Checking defaults for PD1/pdf/m/n on input line 30.
LaTeX Font Info:    ... okay on input line 30.
\AtBeginShipoutBox=\box35
Package hyperref Info: Link coloring OFF on input line 30.

("C:\Program Files\MiKTeX 2.9\tex/latex/hyperref\nameref.sty"
Package: nameref 2019/09/16 v2.46 Cross-referencing by name of section

("C:\Program Files\MiKTeX 2.9\tex/latex/refcount\refcount.sty"
Package: refcount 2019/12/15 v3.6 Data extraction from label references (HO)
)
("C:\Program Files\MiKTeX 2.9\tex/generic/gettitlestring\gettitlestring.sty"
Package: gettitlestring 2019/12/15 v1.6 Cleanup title references (HO)
)
\c@section@level=\count122
)
LaTeX Info: Redefining \ref on input line 30.
LaTeX Info: Redefining \pageref on input line 30.
LaTeX Info: Redefining \nameref on input line 30.

(thesis.out) (thesis.out)
\@outlinefile=\write3
\openout3 = `thesis.out'.


("C:\Program Files\MiKTeX 2.9\tex/context/base/mkii\supp-pdf.mkii"
[Loading MPS to PDF converter (version 2006.09.02).]
\scratchcounter=\count123
\scratchdimen=\dimen140
\scratchbox=\box36
\nofMPsegments=\count124
\nofMParguments=\count125
\everyMPshowfont=\toks27
\MPscratchCnt=\count126
\MPscratchDim=\dimen141
\MPnumerator=\count127
\makeMPintoPDFobject=\count128
\everyMPtoPDFconversion=\toks28
) ("C:\Program Files\MiKTeX 2.9\tex/latex/epstopdf-pkg\epstopdf-base.sty"
Package: epstopdf-base 2019-12-09 v2.10 Base part for package epstopdf
Package epstopdf-base Info: Redefining graphics rule for `.eps' on input line 4
85.
)
*geometry* driver: auto-detecting
*geometry* detected driver: pdftex
*geometry* verbose mode - [ preamble ] result:
* driver: pdftex
* paper: a4paper
* layout: <same size as paper>
* layoutoffset:(h,v)=(0.0pt,0.0pt)
* modes: 
* h-part:(L,W,R)=(113.81102pt, 398.3386pt, 85.35826pt)
* v-part:(T,H,B)=(85.35826pt, 674.33032pt, 85.35826pt)
* \paperwidth=597.50787pt
* \paperheight=845.04684pt
* \textwidth=398.3386pt
* \textheight=674.33032pt
* \oddsidemargin=41.54103pt
* \evensidemargin=41.54103pt
* \topmargin=-11.91173pt
* \headheight=0.0pt
* \headsep=25.0pt
* \topskip=12.0pt
* \footskip=30.0pt
* \marginparwidth=35.0pt
* \marginparsep=10.0pt
* \columnsep=10.0pt
* \skip\footins=10.8pt plus 4.0pt minus 2.0pt
* \hoffset=0.0pt
* \voffset=0.0pt
* \mag=1000
* \@twocolumnfalse
* \@twosidefalse
* \@mparswitchfalse
* \@reversemarginfalse
* (1in=72.27pt=25.4mm, 1cm=28.453pt)

Package caption Info: Begin \AtBeginDocument code.
Package caption Info: float package is loaded.
Package caption Info: End \AtBeginDocument code.
("C:\Program Files\MiKTeX 2.9\tex/latex/pdflscape\pdflscape.sty"
Package: pdflscape 2019/12/05 v0.12 Display of landscape pages in PDF (HO)

("C:\Program Files\MiKTeX 2.9\tex/latex/graphics\lscape.sty"
Package: lscape 2000/10/22 v3.01 Landscape Pages (DPC)
)
Package pdflscape Info: Auto-detected driver: pdftex on input line 81.
)
\openout2 = `sampul.aux'.

 (sampul.tex
<pics/unikom-black.png, id=199, 550.055pt x 550.055pt>
File: pics/unikom-black.png Graphic file (type png)
<use pics/unikom-black.png>
Package pdftex.def Info: pics/unikom-black.png  used on input line 14.
(pdftex.def)             Requested size: 71.13188pt x 71.13196pt.
LaTeX Font Info:    Font shape `OT1/ptm/bx/n' in size <12> not available
(Font)              Font shape `OT1/ptm/b/n' tried instead on input line 20.
LaTeX Font Info:    Font shape `OT1/ptm/bx/it' in size <12> not available
(Font)              Font shape `OT1/ptm/b/it' tried instead on input line 24.

[1




{C:/Users/HP/AppData/Local/MiKTeX/2.9/pdftex/config/pdftex.map} <./pics/unikom-
black.png (PNG copy)>])
\openout2 = `judul_dalam.aux'.

 (judul_dalam.tex
File: pics/unikom-black.png Graphic file (type png)
<use pics/unikom-black.png>
Package pdftex.def Info: pics/unikom-black.png  used on input line 12.
(pdftex.def)             Requested size: 71.13188pt x 71.13196pt.
 [1


])
\openout2 = `pengesahan.aux'.

 (pengesahan.tex
LaTeX Font Info:    Font shape `OT1/ptm/bx/n' in size <14.4> not available
(Font)              Font shape `OT1/ptm/b/n' tried instead on input line 8.
LaTeX Font Info:    Trying to load font information for OT1+ptmcm on input line
 14.

("C:\Program Files\MiKTeX 2.9\tex/latex/psnfss\ot1ptmcm.fd"
File: ot1ptmcm.fd 2000/01/03 Fontinst v1.801 font definitions for OT1/ptmcm.
)
LaTeX Font Info:    Trying to load font information for OML+ptmcm on input line
 14.

("C:\Program Files\MiKTeX 2.9\tex/latex/psnfss\omlptmcm.fd"
File: omlptmcm.fd 2000/01/03 Fontinst v1.801 font definitions for OML/ptmcm.
)
LaTeX Font Info:    Trying to load font information for OMX+psycm on input line
 14.

("C:\Program Files\MiKTeX 2.9\tex/latex/psnfss\omxpsycm.fd"
File: omxpsycm.fd 2000/01/03 Fontinst v1.801 font definitions for OMX/psycm.
)
LaTeX Font Info:    Font shape `OT1/ptm/bx/n' in size <9> not available
(Font)              Font shape `OT1/ptm/b/n' tried instead on input line 14.
LaTeX Font Info:    Font shape `OT1/ptm/bx/n' in size <7> not available
(Font)              Font shape `OT1/ptm/b/n' tried instead on input line 14.

Underfull \hbox (badness 10000) in paragraph at lines 13--19

 []


Underfull \hbox (badness 10000) in paragraph at lines 22--23

 []

[2



])
\openout2 = `orisinal.aux'.

 (orisinal.tex [3



])
\openout2 = `pengesahan_sidang.aux'.

 (pengesahan_sidang.tex
Overfull \hbox (12.06679pt too wide) in paragraph at lines 13--21
[] 
 []


Underfull \hbox (badness 10000) in paragraph at lines 13--21

 []


Underfull \hbox (badness 10000) in paragraph at lines 24--28

 []


Underfull \hbox (badness 10000) in paragraph at lines 35--45

 []


Overfull \hbox (16.19841pt too wide) in paragraph at lines 46--47
[][]
 []


Underfull \hbox (badness 10000) in paragraph at lines 46--47

 []

[4



])

Package hyperref Warning: Token not allowed in a PDF string (PDFDocEncoding):
(hyperref)                removing `\uppercase' on input line 62.

\openout2 = `pengantar.aux'.

(pengantar.tex
<pics/creative_common.png, id=227, 759.83875pt x 645.41125pt>
File: pics/creative_common.png Graphic file (type png)
<use pics/creative_common.png>
Package pdftex.def Info: pics/creative_common.png  used on input line 28.
(pdftex.def)             Requested size: 294.77274pt x 250.37987pt.
LaTeX Font Info:    Font shape `OT1/ptm/bx/n' in size <10> not available
(Font)              Font shape `OT1/ptm/b/n' tried instead on input line 29.
 [5



 <./pics/creative_common.png (PNG copy)>]
<pics/mark.png, id=242, 336.25626pt x 66.2475pt>
File: pics/mark.png Graphic file (type png)
<use pics/mark.png>
Package pdftex.def Info: pics/mark.png  used on input line 61.
(pdftex.def)             Requested size: 215.10016pt x 42.37802pt.
)

Package Fancyhdr Warning: \headheight is too small (0.0pt): 
Make it at least 14.49998pt.
We now make it that large for the rest of the document.
This may cause the page layout to be inconsistent, however.

[6 <./pics/mark.png (PNG copy)>]
\openout2 = `persetujuan_publikasi.aux'.

 (persetujuan_publikasi.tex
Underfull \hbox (badness 10000) in paragraph at lines 30--36

 []

[7



])
\openout2 = `abstrak.aux'.

 (abstrak.tex
Underfull \hbox (badness 10000) in paragraph at lines 12--17

 []


Overfull \hbox (0.85362pt too wide) in paragraph at lines 20--21
 []
 []


Underfull \hbox (badness 10000) in paragraph at lines 20--21

 []


Underfull \hbox (badness 10000) in paragraph at lines 20--21

 []


Underfull \hbox (badness 10000) in paragraph at lines 24--27
[]
 []


Underfull \hbox (badness 10000) in paragraph at lines 24--27

 []


Underfull \hbox (badness 10000) in paragraph at lines 24--27

 []

[8



])
\openout2 = `abstract.aux'.

 (abstract.tex
Underfull \hbox (badness 10000) in paragraph at lines 12--17

 []


Overfull \hbox (0.85362pt too wide) in paragraph at lines 20--21
 [] 
 []


Underfull \hbox (badness 10000) in paragraph at lines 20--21

 []


Underfull \hbox (badness 10000) in paragraph at lines 24--26
[]
 []


Underfull \hbox (badness 10000) in paragraph at lines 24--26

 []

[9



]) (thesis.toc [10


])
\tf@toc=\write4
\openout4 = `thesis.toc'.

 [11] (thesis.lof)
\tf@lof=\write5
\openout5 = `thesis.lof'.

 [12


] (thesis.lot)
\tf@lot=\write6
\openout6 = `thesis.lot'.

 [13


]
\openout2 = `bab1.aux'.

 (bab1.tex
BAB 1.

Package hyperref Warning: Token not allowed in a PDF string (PDFDocEncoding):
(hyperref)                removing `\uppercase' on input line 2.

pdfTeX warning (ext4): destination with the same identifier (name{page.1}) has 
been already used, duplicate ignored
<to be read again> 
                   \relax 
l.22 
      [1



] [2] [3] [4]
LaTeX Font Info:    Font shape `OMS/ptm/m/n' in size <12> not available
(Font)              Font shape `OMS/pzccm/m/n' tried instead on input line 120.

) [5]
\openout2 = `bab2.aux'.

 (bab2.tex
BAB 2.

Package hyperref Warning: Token not allowed in a PDF string (PDFDocEncoding):
(hyperref)                removing `\uppercase' on input line 2.

LaTeX Font Info:    Font shape `OT1/ptm/bx/it' in size <14.4> not available
(Font)              Font shape `OT1/ptm/b/it' tried instead on input line 7.
LaTeX Font Info:    Font shape `OT1/ptm/bx/n' in size <7.4> not available
(Font)              Font shape `OT1/ptm/b/n' tried instead on input line 19.
LaTeX Font Info:    Font shape `OT1/ptm/bx/n' in size <6> not available
(Font)              Font shape `OT1/ptm/b/n' tried instead on input line 19.
[6



]
Underfull \hbox (badness 10000) in paragraph at lines 27--39

 []


Underfull \hbox (badness 1377) in paragraph at lines 27--39
\OT1/ptm/m/n/12 mem-buat, mem-fab-rikasi, men-gasem-bling, mer-akit, mengkon-ve
r-sikan ataupun
 []


Underfull \hbox (badness 10000) in paragraph at lines 27--39

 []


Underfull \hbox (badness 10000) in paragraph at lines 27--39

 []


Underfull \hbox (badness 10000) in paragraph at lines 27--39

 []


Underfull \hbox (badness 10000) in paragraph at lines 27--39

 []


Underfull \hbox (badness 1430) in paragraph at lines 27--39
\OT1/ptm/b/n/12 Chain 1-2-3-4-5 : Sup-plier $\OMS/pzccm/m/n/12 !$ \OT1/ptm/b/n/
12 Man-u-fac-turer $\OMS/pzccm/m/n/12 !$ \OT1/ptm/b/n/12 Dis-tri-bu-tion $\OMS/
pzccm/m/n/12 !$ \OT1/ptm/b/n/12 Re-tail
 []

[7]
<pics/model_scm.png, id=450, 496.10344pt x 145.29282pt>
File: pics/model_scm.png Graphic file (type png)
<use pics/model_scm.png>
Package pdftex.def Info: pics/model_scm.png  used on input line 44.
(pdftex.def)             Requested size: 318.67209pt x 93.32849pt.
 [8 <./pics/model_scm.png>] [9] [10] [11])
Underfull \hbox (badness 10000) in paragraph at lines 124--98

 []

[12]
\openout2 = `bab3.aux'.

 (bab3.tex
BAB 3.

Package hyperref Warning: Token not allowed in a PDF string (PDFDocEncoding):
(hyperref)                removing `\uppercase' on input line 2.

<pics/alur-penelitian.jpg, id=504, 231.86626pt x 432.61626pt>
File: pics/alur-penelitian.jpg Graphic file (type jpg)
<use pics/alur-penelitian.jpg>
Package pdftex.def Info: pics/alur-penelitian.jpg  used on input line 15.
(pdftex.def)             Requested size: 159.333pt x 297.29092pt.
[13



 <./pics/alur-penelitian.jpg>]) [14]
\openout2 = `bab4.aux'.

 (bab4.tex
BAB 4.

Package hyperref Warning: Token not allowed in a PDF string (PDFDocEncoding):
(hyperref)                removing `\uppercase' on input line 2.


Underfull \hbox (badness 10000) in paragraph at lines 4--5
[]
 []


Underfull \hbox (badness 10000) in paragraph at lines 4--5

 []


Underfull \hbox (badness 1484) in paragraph at lines 36--41
\OT1/ptm/m/n/12 Berkas ini berisi cara pe-meng-galan be-be-rapa kata dalam ba-h
asa In-done-sia.
 []


LaTeX Warning: Citation `latex.intro' on page 15 undefined on input line 53.

[15



]) [16]
\openout2 = `bab5.aux'.

 (bab5.tex
BAB 5.

Package hyperref Warning: Token not allowed in a PDF string (PDFDocEncoding):
(hyperref)                removing `\uppercase' on input line 2.


Underfull \hbox (badness 10000) in paragraph at lines 4--5
[]
 []


Underfull \hbox (badness 10000) in paragraph at lines 4--5

 []


LaTeX Warning: there is no bold Symbol font on input line 20.


Underfull \hbox (badness 10000) in paragraph at lines 21--22

 []


Overfull \hbox (27.94829pt too wide) in paragraph at lines 34--36
[] 
 []

[17



]
<include.pdf, id=528, 597.51233pt x 845.0471pt>
File: include.pdf Graphic file (type pdf)
<use include.pdf>
Package pdftex.def Info: include.pdf  used on input line 57.
(pdftex.def)             Requested size: 597.51086pt x 845.04504pt.
File: include.pdf Graphic file (type pdf)
<use include.pdf>
Package pdftex.def Info: include.pdf  used on input line 57.
(pdftex.def)             Requested size: 597.51086pt x 845.04504pt.
<include.pdf, id=531, page=1, 597.51233pt x 845.0471pt>
File: include.pdf Graphic file (type pdf)
<use include.pdf, page 1>
Package pdftex.def Info: include.pdf , page1 used on input line 57.
(pdftex.def)             Requested size: 597.51086pt x 845.04504pt.
File: include.pdf Graphic file (type pdf)
<use include.pdf, page 1>
Package pdftex.def Info: include.pdf , page1 used on input line 57.
(pdftex.def)             Requested size: 597.53821pt x 845.08372pt.
 [18]
File: include.pdf Graphic file (type pdf)
<use include.pdf, page 1>
Package pdftex.def Info: include.pdf , page1 used on input line 57.
(pdftex.def)             Requested size: 597.53821pt x 845.08372pt.
File: include.pdf Graphic file (type pdf)
<use include.pdf, page 1>
Package pdftex.def Info: include.pdf , page1 used on input line 57.
(pdftex.def)             Requested size: 597.53821pt x 845.08372pt.
File: include.pdf Graphic file (type pdf)
<use include.pdf, page 1>
Package pdftex.def Info: include.pdf , page1 used on input line 57.
(pdftex.def)             Requested size: 597.53821pt x 845.08372pt.
 [19 <./include.pdf>]
File: include.pdf Graphic file (type pdf)
<use include.pdf>
Package pdftex.def Info: include.pdf  used on input line 64.
(pdftex.def)             Requested size: 597.51086pt x 845.04504pt.
File: include.pdf Graphic file (type pdf)
<use include.pdf>
Package pdftex.def Info: include.pdf  used on input line 64.
(pdftex.def)             Requested size: 597.51086pt x 845.04504pt.
File: include.pdf Graphic file (type pdf)
<use include.pdf, page 1>
Package pdftex.def Info: include.pdf , page1 used on input line 64.
(pdftex.def)             Requested size: 597.51086pt x 845.04504pt.
File: include.pdf Graphic file (type pdf)
<use include.pdf, page 1>
Package pdftex.def Info: include.pdf , page1 used on input line 64.
(pdftex.def)             Requested size: 597.53821pt x 845.08372pt.
 [20]
File: include.pdf Graphic file (type pdf)
<use include.pdf, page 1>
Package pdftex.def Info: include.pdf , page1 used on input line 64.
(pdftex.def)             Requested size: 597.53821pt x 845.08372pt.
File: include.pdf Graphic file (type pdf)
<use include.pdf, page 1>
Package pdftex.def Info: include.pdf , page1 used on input line 64.
(pdftex.def)             Requested size: 597.53821pt x 845.08372pt.
File: include.pdf Graphic file (type pdf)
<use include.pdf, page 1>
Package pdftex.def Info: include.pdf , page1 used on input line 64.
(pdftex.def)             Requested size: 597.53821pt x 845.08372pt.
 [21]) [22]
\openout2 = `pustaka.aux'.

 (pustaka.tex (thesis.bbl))
[23



]
\openout2 = `markLampiran.aux'.

 (markLampiran.texpdfTeX warning (ext4): destination with the same identifier (
name{page.1}) has been already used, duplicate ignored
<to be read again> 
                   \relax 
l.13 \end{titlepage}
                     [1


])
\openout2 = `lampiran.aux'.

 (lampiran.tex)pdfTeX warning (ext4): destination with the same identifier (nam
e{page.2}) has been already used, duplicate ignored
<to be read again> 
                   \relax 
l.115 	\include{lampiran}
                          [2



]
Package atveryend Info: Empty hook `BeforeClearDocument' on input line 118.
Package atveryend Info: Empty hook `AfterLastShipout' on input line 118.
 (thesis.aux (sampul.aux) (judul_dalam.aux)
(pengesahan.aux) (orisinal.aux) (pengesahan_sidang.aux) (pengantar.aux)
(persetujuan_publikasi.aux) (abstrak.aux) (abstract.aux) (bab1.aux) (bab2.aux)
(bab3.aux) (bab4.aux) (bab5.aux) (pustaka.aux) (markLampiran.aux) (lampiran.aux
))
Package atveryend Info: Executing hook `AtVeryEndDocument' on input line 118.
Package atveryend Info: Executing hook `AtEndAfterFileList' on input line 118.
Package rerunfilecheck Info: File `thesis.out' has not changed.
(rerunfilecheck)             Checksum: 956F84F12152C8B7B56AD6A750377E69;3131.


LaTeX Warning: There were undefined references.

Package atveryend Info: Empty hook `AtVeryVeryEnd' on input line 118.
 ) 
Here is how much of TeX's memory you used:
 9836 strings out of 492483
 147234 string characters out of 3131049
 253031 words of memory out of 3000000
 13633 multiletter control sequences out of 15000+200000
 41695 words of font info for 83 fonts, out of 3000000 for 9000
 1210 hyphenation exceptions out of 8191
 49i,18n,49p,1169b,499s stack positions out of 5000i,500n,10000p,200000b,50000s
pdfTeX warning (dest): name{Hfootnote.1} has been referenced but does not exi
st, replaced by a fixed one

{C:/Program Files/MiKTeX 2.9/fonts/enc/dvips/base/8r.enc}<C:/Program Files/MiKT
eX 2.9/fonts/type1/public/amsfonts/cm/cmex10.pfb><C:/Program Files/MiKTeX 2.9/f
onts/type1/public/amsfonts/cm/cmr10.pfb><C:/Program Files/MiKTeX 2.9/fonts/type
1/public/amsfonts/cm/cmsy10.pfb><C:/Program Files/MiKTeX 2.9/fonts/type1/urw/co
urier/ucrr8a.pfb><C:/Program Files/MiKTeX 2.9/fonts/type1/urw/times/utmb8a.pfb>
<C:/Program Files/MiKTeX 2.9/fonts/type1/urw/times/utmbi8a.pfb><C:/Program File
s/MiKTeX 2.9/fonts/type1/urw/times/utmr8a.pfb><C:/Program Files/MiKTeX 2.9/font
s/type1/urw/times/utmri8a.pfb>
Output written on thesis.pdf (39 pages, 353146 bytes).
PDF statistics:
 632 PDF objects out of 1000 (max. 8388607)
 132 named destinations out of 1000 (max. 500000)
 448 words of extra memory for PDF output out of 10000 (max. 10000000)

