\BOOKMARK [0][-]{section*.2}{HALAMAN JUDUL}{}% 1
\BOOKMARK [0][-]{section*.4}{LEMBAR PERSETUJUAN}{}% 2
\BOOKMARK [0][-]{section*.5}{LEMBAR PERNYATAAN ORISINALITAS}{}% 3
\BOOKMARK [0][-]{section*.6}{LEMBAR PENGESAHAN}{}% 4
\BOOKMARK [0][-]{section*.7}{Kata Pengantar}{}% 5
\BOOKMARK [0][-]{section*.10}{LEMBAR PERSETUJUAN PUBLIKASI ILMIAH}{}% 6
\BOOKMARK [0][-]{section*.11}{ABSTRAK}{}% 7
\BOOKMARK [0][-]{section*.12}{Daftar Isi}{}% 8
\BOOKMARK [0][-]{section*.13}{Daftar Gambar}{}% 9
\BOOKMARK [0][-]{section*.14}{Daftar Tabel}{}% 10
\BOOKMARK [0][-]{chapter.1}{1 Pendahuluan}{}% 11
\BOOKMARK [1][-]{section.1.1}{1.1 Latar Belakang}{chapter.1}% 12
\BOOKMARK [1][-]{section.1.2}{1.2 Rumusan Masalah}{chapter.1}% 13
\BOOKMARK [1][-]{section.1.3}{1.3 Batasan Masalah}{chapter.1}% 14
\BOOKMARK [1][-]{section.1.4}{1.4 Tujuan Penelitian}{chapter.1}% 15
\BOOKMARK [1][-]{section.1.5}{1.5 Manfaat Penelitian}{chapter.1}% 16
\BOOKMARK [1][-]{section.1.6}{1.6 Lokasi dan Waktu Penelitian}{chapter.1}% 17
\BOOKMARK [2][-]{subsection.1.6.1}{1.6.1 Lokasi Penelitian}{section.1.6}% 18
\BOOKMARK [2][-]{subsection.1.6.2}{1.6.2 Waktu Penelitian}{section.1.6}% 19
\BOOKMARK [1][-]{section.1.7}{1.7 Sistematika Penulisan}{chapter.1}% 20
\BOOKMARK [0][-]{chapter.2}{2 Landasan Teori}{}% 21
\BOOKMARK [1][-]{section.2.1}{2.1 Supply Chain Management \(SCM \) atau Manajemen Rantai Pasok}{chapter.2}% 22
\BOOKMARK [1][-]{section.2.2}{2.2 Konsep Supply Chain Management }{chapter.2}% 23
\BOOKMARK [1][-]{section.2.3}{2.3 Metode Lot Sizing}{chapter.2}% 24
\BOOKMARK [1][-]{section.2.4}{2.4 ROP \(Reorder Point\)}{chapter.2}% 25
\BOOKMARK [1][-]{section.2.5}{2.5 Safety Stock}{chapter.2}% 26
\BOOKMARK [0][-]{chapter.3}{3 Metodelogi Penelitian}{}% 27
\BOOKMARK [1][-]{section.3.1}{3.1 Metodelogi Peneltian}{chapter.3}% 28
\BOOKMARK [1][-]{section.3.2}{3.2 Pengumpulan Data}{chapter.3}% 29
\BOOKMARK [1][-]{section.3.3}{3.3 Analisa Data}{chapter.3}% 30
\BOOKMARK [1][-]{section.3.4}{3.4 Implementasi Model}{chapter.3}% 31
\BOOKMARK [1][-]{section.3.5}{3.5 Analisa Hasil}{chapter.3}% 32
\BOOKMARK [1][-]{section.3.6}{3.6 Kesimpulan dan Saran}{chapter.3}% 33
\BOOKMARK [0][-]{chapter.4}{4 Analisis dan Pembahasan}{}% 34
\BOOKMARK [1][-]{section.4.1}{4.1 thesis.tex}{chapter.4}% 35
\BOOKMARK [1][-]{section.4.2}{4.2 laporan\137setting.tex}{chapter.4}% 36
\BOOKMARK [1][-]{section.4.3}{4.3 istilah.tex}{chapter.4}% 37
\BOOKMARK [1][-]{section.4.4}{4.4 hype.indonesia.tex}{chapter.4}% 38
\BOOKMARK [1][-]{section.4.5}{4.5 pustaka.tex}{chapter.4}% 39
\BOOKMARK [1][-]{section.4.6}{4.6 bab[1 - 6].tex}{chapter.4}% 40
\BOOKMARK [0][-]{chapter.5}{5 Penutup}{}% 41
\BOOKMARK [1][-]{section.5.1}{5.1 Mengubah Tampilan Teks}{chapter.5}% 42
\BOOKMARK [1][-]{section.5.2}{5.2 Memberikan Catatan}{chapter.5}% 43
\BOOKMARK [1][-]{section.5.3}{5.3 Menambah Isi Daftar Isi}{chapter.5}% 44
\BOOKMARK [1][-]{section.5.4}{5.4 Memasukan PDF}{chapter.5}% 45
\BOOKMARK [1][-]{section.5.5}{5.5 Membuat Perintah Baru}{chapter.5}% 46
\BOOKMARK [0][-]{section*.18}{Daftar Referensi}{}% 47
\BOOKMARK [0][-]{section*.19}{LAMPIRAN}{}% 48
\BOOKMARK [0][-]{section*.20}{Lampiran 1}{}% 49
